<?xml version="1.0" encoding="UTF-8"?>
<coverage generated="1776822733702" clover="3.2.0">
  <project timestamp="1776822733702" name="All files">
    <metrics statements="177" coveredstatements="48" conditionals="97" coveredconditionals="4" methods="36" coveredmethods="0" elements="310" coveredelements="52" complexity="0" loc="177" ncloc="177" packages="1" files="1" classes="1"/>
    <file name="server.js" path="/Users/saibhargavrallapalli/Documents/Git/VoteWiseIndia/server.js">
      <metrics statements="177" coveredstatements="48" conditionals="97" coveredconditionals="4" methods="36" coveredmethods="0"/>
      <line num="11" count="1" type="stmt"/>
      <line num="12" count="1" type="stmt"/>
      <line num="13" count="1" type="stmt"/>
      <line num="14" count="1" type="stmt"/>
      <line num="15" count="1" type="stmt"/>
      <line num="16" count="1" type="stmt"/>
      <line num="17" count="1" type="stmt"/>
      <line num="18" count="1" type="stmt"/>
      <line num="21" count="1" type="stmt"/>
      <line num="22" count="1" type="stmt"/>
      <line num="23" count="1" type="stmt"/>
      <line num="24" count="1" type="stmt"/>
      <line num="25" count="1" type="stmt"/>
      <line num="27" count="0" type="stmt"/>
      <line num="30" count="1" type="stmt"/>
      <line num="31" count="1" type="cond" truecount="2" falsecount="0"/>
      <line num="35" count="1" type="stmt"/>
      <line num="37" count="1" type="stmt"/>
      <line num="59" count="1" type="cond" truecount="2" falsecount="0"/>
      <line num="60" count="1" type="stmt"/>
      <line num="65" count="1" type="stmt"/>
      <line num="72" count="1" type="stmt"/>
      <line num="80" count="1" type="stmt"/>
      <line num="83" count="1" type="stmt"/>
      <line num="91" count="0" type="stmt"/>
      <line num="92" count="0" type="cond" truecount="0" falsecount="4"/>
      <line num="93" count="0" type="stmt"/>
      <line num="102" count="0" type="stmt"/>
      <line num="125" count="1" type="stmt"/>
      <line num="366" count="1" type="stmt"/>
      <line num="398" count="1" type="stmt"/>
      <line num="410" count="1" type="stmt"/>
      <line num="439" count="1" type="stmt"/>
      <line num="474" count="1" type="stmt"/>
      <line num="517" count="0" type="stmt"/>
      <line num="518" count="0" type="stmt"/>
      <line num="521" count="0" type="stmt"/>
      <line num="522" count="0" type="stmt"/>
      <line num="525" count="0" type="stmt"/>
      <line num="602" count="0" type="cond" truecount="0" falsecount="2"/>
      <line num="603" count="0" type="stmt"/>
      <line num="606" count="0" type="stmt"/>
      <line num="608" count="0" type="stmt"/>
      <line num="620" count="0" type="cond" truecount="0" falsecount="2"/>
      <line num="621" count="0" type="stmt"/>
      <line num="622" count="0" type="cond" truecount="0" falsecount="2"/>
      <line num="634" count="0" type="cond" truecount="0" falsecount="2"/>
      <line num="635" count="0" type="stmt"/>
      <line num="636" count="0" type="stmt"/>
      <line num="644" count="0" type="stmt"/>
      <line num="655" count="0" type="cond" truecount="0" falsecount="2"/>
      <line num="656" count="0" type="stmt"/>
      <line num="657" count="0" type="stmt"/>
      <line num="661" count="0" type="stmt"/>
      <line num="663" count="0" type="stmt"/>
      <line num="664" count="0" type="stmt"/>
      <line num="674" count="1" type="stmt"/>
      <line num="675" count="0" type="stmt"/>
      <line num="683" count="1" type="stmt"/>
      <line num="684" count="0" type="stmt"/>
      <line num="685" count="0" type="stmt"/>
      <line num="707" count="1" type="stmt"/>
      <line num="708" count="0" type="stmt"/>
      <line num="709" count="0" type="cond" truecount="0" falsecount="2"/>
      <line num="711" count="0" type="stmt"/>
      <line num="712" count="0" type="stmt"/>
      <line num="713" count="0" type="stmt"/>
      <line num="720" count="1" type="stmt"/>
      <line num="721" count="0" type="stmt"/>
      <line num="722" count="0" type="cond" truecount="0" falsecount="2"/>
      <line num="723" count="0" type="stmt"/>
      <line num="724" count="0" type="stmt"/>
      <line num="725" count="0" type="stmt"/>
      <line num="732" count="1" type="stmt"/>
      <line num="733" count="0" type="stmt"/>
      <line num="734" count="0" type="stmt"/>
      <line num="742" count="1" type="stmt"/>
      <line num="743" count="0" type="stmt"/>
      <line num="745" count="0" type="cond" truecount="0" falsecount="2"/>
      <line num="746" count="0" type="stmt"/>
      <line num="748" count="0" type="cond" truecount="0" falsecount="2"/>
      <line num="749" count="0" type="stmt"/>
      <line num="751" count="0" type="cond" truecount="0" falsecount="2"/>
      <line num="752" count="0" type="stmt"/>
      <line num="755" count="0" type="stmt"/>
      <line num="764" count="0" type="stmt"/>
      <line num="765" count="0" type="stmt"/>
      <line num="766" count="0" type="cond" truecount="0" falsecount="2"/>
      <line num="768" count="0" type="stmt"/>
      <line num="770" count="0" type="stmt"/>
      <line num="777" count="1" type="stmt"/>
      <line num="778" count="0" type="stmt"/>
      <line num="779" count="0" type="stmt"/>
      <line num="786" count="1" type="stmt"/>
      <line num="787" count="0" type="stmt"/>
      <line num="788" count="0" type="cond" truecount="0" falsecount="2"/>
      <line num="790" count="0" type="stmt"/>
      <line num="799" count="0" type="stmt"/>
      <line num="800" count="0" type="stmt"/>
      <line num="807" count="1" type="stmt"/>
      <line num="808" count="0" type="stmt"/>
      <line num="815" count="1" type="stmt"/>
      <line num="816" count="0" type="stmt"/>
      <line num="817" count="0" type="stmt"/>
      <line num="818" count="0" type="cond" truecount="0" falsecount="5"/>
      <line num="819" count="0" type="cond" truecount="0" falsecount="2"/>
      <line num="820" count="0" type="stmt"/>
      <line num="830" count="1" type="stmt"/>
      <line num="831" count="0" type="stmt"/>
      <line num="832" count="0" type="cond" truecount="0" falsecount="2"/>
      <line num="833" count="0" type="stmt"/>
      <line num="834" count="0" type="stmt"/>
      <line num="835" count="0" type="stmt"/>
      <line num="842" count="1" type="stmt"/>
      <line num="843" count="0" type="stmt"/>
      <line num="844" count="0" type="cond" truecount="0" falsecount="2"/>
      <line num="845" count="0" type="stmt"/>
      <line num="846" count="0" type="stmt"/>
      <line num="854" count="1" type="stmt"/>
      <line num="855" count="0" type="stmt"/>
      <line num="856" count="0" type="stmt"/>
      <line num="858" count="0" type="cond" truecount="0" falsecount="4"/>
      <line num="859" count="0" type="stmt"/>
      <line num="861" count="0" type="cond" truecount="0" falsecount="2"/>
      <line num="862" count="0" type="stmt"/>
      <line num="864" count="0" type="cond" truecount="0" falsecount="2"/>
      <line num="865" count="0" type="stmt"/>
      <line num="867" count="0" type="cond" truecount="0" falsecount="4"/>
      <line num="868" count="0" type="stmt"/>
      <line num="871" count="0" type="stmt"/>
      <line num="872" count="0" type="stmt"/>
      <line num="873" count="0" type="stmt"/>
      <line num="875" count="0" type="stmt"/>
      <line num="876" count="0" type="stmt"/>
      <line num="885" count="1" type="stmt"/>
      <line num="886" count="0" type="cond" truecount="0" falsecount="1"/>
      <line num="888" count="0" type="cond" truecount="0" falsecount="4"/>
      <line num="889" count="0" type="stmt"/>
      <line num="891" count="0" type="cond" truecount="0" falsecount="2"/>
      <line num="892" count="0" type="stmt"/>
      <line num="894" count="0" type="cond" truecount="0" falsecount="2"/>
      <line num="895" count="0" type="stmt"/>
      <line num="897" count="0" type="cond" truecount="0" falsecount="2"/>
      <line num="898" count="0" type="stmt"/>
      <line num="901" count="0" type="stmt"/>
      <line num="902" count="0" type="stmt"/>
      <line num="903" count="0" type="cond" truecount="0" falsecount="4"/>
      <line num="905" count="0" type="cond" truecount="0" falsecount="2"/>
      <line num="906" count="0" type="stmt"/>
      <line num="909" count="0" type="stmt"/>
      <line num="911" count="0" type="cond" truecount="0" falsecount="2"/>
      <line num="912" count="0" type="stmt"/>
      <line num="918" count="0" type="stmt"/>
      <line num="919" count="0" type="stmt"/>
      <line num="920" count="0" type="stmt"/>
      <line num="924" count="0" type="stmt"/>
      <line num="942" count="0" type="cond" truecount="0" falsecount="2"/>
      <line num="943" count="0" type="stmt"/>
      <line num="944" count="0" type="stmt"/>
      <line num="945" count="0" type="stmt"/>
      <line num="948" count="0" type="stmt"/>
      <line num="949" count="0" type="stmt"/>
      <line num="951" count="0" type="cond" truecount="0" falsecount="2"/>
      <line num="953" count="0" type="stmt"/>
      <line num="955" count="0" type="stmt"/>
      <line num="956" count="0" type="stmt"/>
      <line num="961" count="1" type="stmt"/>
      <line num="963" count="1" type="stmt"/>
      <line num="964" count="0" type="stmt"/>
      <line num="969" count="1" type="stmt"/>
      <line num="970" count="0" type="stmt"/>
      <line num="971" count="0" type="stmt"/>
      <line num="975" count="1" type="stmt"/>
      <line num="976" count="0" type="stmt"/>
      <line num="977" count="0" type="cond" truecount="0" falsecount="2"/>
      <line num="978" count="0" type="cond" truecount="0" falsecount="2"/>
      <line num="981" count="1" type="stmt"/>
    </file>
  </project>
</coverage>
