{"/Users/saibhargavrallapalli/Documents/Git/VoteWiseIndia/server.js": {"path":"/Users/saibhargavrallapalli/Documents/Git/VoteWiseIndia/server.js","statementMap":{"0":{"start":{"line":11,"column":16},"end":{"line":11,"column":34}},"1":{"start":{"line":12,"column":13},"end":{"line":12,"column":28}},"2":{"start":{"line":13,"column":15},"end":{"line":13,"column":32}},"3":{"start":{"line":14,"column":17},"end":{"line":14,"column":39}},"4":{"start":{"line":15,"column":18},"end":{"line":15,"column":47}},"5":{"start":{"line":16,"column":13},"end":{"line":16,"column":28}},"6":{"start":{"line":17,"column":14},"end":{"line":17,"column":39}},"7":{"start":{"line":18,"column":0},"end":{"line":18,"column":27}},"8":{"start":{"line":21,"column":9},"end":{"line":21,"column":13}},"9":{"start":{"line":22,"column":0},"end":{"line":28,"column":1}},"10":{"start":{"line":23,"column":2},"end":{"line":23,"column":24}},"11":{"start":{"line":24,"column":2},"end":{"line":24,"column":25}},"12":{"start":{"line":25,"column":2},"end":{"line":25,"column":47}},"13":{"start":{"line":27,"column":2},"end":{"line":27,"column":79}},"14":{"start":{"line":30,"column":12},"end":{"line":30,"column":21}},"15":{"start":{"line":31,"column":13},"end":{"line":31,"column":37}},"16":{"start":{"line":35,"column":0},"end":{"line":35,"column":20}},"17":{"start":{"line":37,"column":0},"end":{"line":57,"column":4}},"18":{"start":{"line":59,"column":0},"end":{"line":59,"column":87}},"19":{"start":{"line":60,"column":0},"end":{"line":60,"column":41}},"20":{"start":{"line":65,"column":20},"end":{"line":69,"column":2}},"21":{"start":{"line":72,"column":19},"end":{"line":75,"column":2}},"22":{"start":{"line":80,"column":22},"end":{"line":80,"column":31}},"23":{"start":{"line":83,"column":18},"end":{"line":83,"column":24}},"24":{"start":{"line":91,"column":16},"end":{"line":91,"column":38}},"25":{"start":{"line":92,"column":2},"end":{"line":92,"column":68}},"26":{"start":{"line":92,"column":50},"end":{"line":92,"column":68}},"27":{"start":{"line":93,"column":2},"end":{"line":93,"column":14}},"28":{"start":{"line":102,"column":2},"end":{"line":102,"column":51}},"29":{"start":{"line":125,"column":22},"end":{"line":350,"column":1}},"30":{"start":{"line":366,"column":15},"end":{"line":395,"column":1}},"31":{"start":{"line":398,"column":26},"end":{"line":407,"column":1}},"32":{"start":{"line":410,"column":18},"end":{"line":436,"column":1}},"33":{"start":{"line":439,"column":20},"end":{"line":471,"column":1}},"34":{"start":{"line":474,"column":18},"end":{"line":508,"column":1}},"35":{"start":{"line":517,"column":16},"end":{"line":519,"column":15}},"36":{"start":{"line":518,"column":14},"end":{"line":518,"column":63}},"37":{"start":{"line":521,"column":16},"end":{"line":523,"column":15}},"38":{"start":{"line":522,"column":14},"end":{"line":522,"column":61}},"39":{"start":{"line":525,"column":2},"end":{"line":590,"column":64}},"40":{"start":{"line":602,"column":2},"end":{"line":604,"column":3}},"41":{"start":{"line":603,"column":4},"end":{"line":603,"column":56}},"42":{"start":{"line":606,"column":17},"end":{"line":606,"column":121}},"43":{"start":{"line":608,"column":14},"end":{"line":618,"column":3}},"44":{"start":{"line":620,"column":2},"end":{"line":620,"column":72}},"45":{"start":{"line":620,"column":15},"end":{"line":620,"column":72}},"46":{"start":{"line":621,"column":15},"end":{"line":621,"column":31}},"47":{"start":{"line":622,"column":2},"end":{"line":622,"column":66}},"48":{"start":{"line":634,"column":2},"end":{"line":634,"column":18}},"49":{"start":{"line":634,"column":11},"end":{"line":634,"column":18}},"50":{"start":{"line":635,"column":2},"end":{"line":645,"column":3}},"51":{"start":{"line":636,"column":4},"end":{"line":642,"column":7}},"52":{"start":{"line":644,"column":4},"end":{"line":644,"column":57}},"53":{"start":{"line":655,"column":2},"end":{"line":655,"column":21}},"54":{"start":{"line":655,"column":11},"end":{"line":655,"column":21}},"55":{"start":{"line":656,"column":2},"end":{"line":665,"column":3}},"56":{"start":{"line":657,"column":17},"end":{"line":660,"column":12}},"57":{"start":{"line":661,"column":4},"end":{"line":661,"column":59}},"58":{"start":{"line":661,"column":31},"end":{"line":661,"column":56}},"59":{"start":{"line":663,"column":4},"end":{"line":663,"column":56}},"60":{"start":{"line":664,"column":4},"end":{"line":664,"column":14}},"61":{"start":{"line":674,"column":0},"end":{"line":676,"column":3}},"62":{"start":{"line":675,"column":2},"end":{"line":675,"column":89}},"63":{"start":{"line":683,"column":0},"end":{"line":701,"column":3}},"64":{"start":{"line":684,"column":2},"end":{"line":684,"column":51}},"65":{"start":{"line":685,"column":2},"end":{"line":700,"column":5}},"66":{"start":{"line":707,"column":0},"end":{"line":714,"column":3}},"67":{"start":{"line":708,"column":17},"end":{"line":708,"column":38}},"68":{"start":{"line":709,"column":2},"end":{"line":709,"column":104}},"69":{"start":{"line":709,"column":14},"end":{"line":709,"column":104}},"70":{"start":{"line":711,"column":37},"end":{"line":711,"column":50}},"71":{"start":{"line":712,"column":2},"end":{"line":712,"column":29}},"72":{"start":{"line":713,"column":2},"end":{"line":713,"column":84}},"73":{"start":{"line":720,"column":0},"end":{"line":726,"column":3}},"74":{"start":{"line":721,"column":17},"end":{"line":721,"column":35}},"75":{"start":{"line":722,"column":2},"end":{"line":722,"column":60}},"76":{"start":{"line":722,"column":14},"end":{"line":722,"column":60}},"77":{"start":{"line":723,"column":15},"end":{"line":723,"column":109}},"78":{"start":{"line":724,"column":2},"end":{"line":724,"column":26}},"79":{"start":{"line":725,"column":2},"end":{"line":725,"column":40}},"80":{"start":{"line":732,"column":0},"end":{"line":735,"column":3}},"81":{"start":{"line":733,"column":20},"end":{"line":733,"column":85}},"82":{"start":{"line":733,"column":83},"end":{"line":733,"column":84}},"83":{"start":{"line":734,"column":2},"end":{"line":734,"column":95}},"84":{"start":{"line":742,"column":0},"end":{"line":771,"column":3}},"85":{"start":{"line":743,"column":33},"end":{"line":743,"column":41}},"86":{"start":{"line":745,"column":2},"end":{"line":747,"column":3}},"87":{"start":{"line":746,"column":4},"end":{"line":746,"column":72}},"88":{"start":{"line":748,"column":2},"end":{"line":750,"column":3}},"89":{"start":{"line":749,"column":4},"end":{"line":749,"column":102}},"90":{"start":{"line":751,"column":2},"end":{"line":753,"column":3}},"91":{"start":{"line":751,"column":26},"end":{"line":751,"column":47}},"92":{"start":{"line":752,"column":4},"end":{"line":752,"column":91}},"93":{"start":{"line":755,"column":18},"end":{"line":762,"column":5}},"94":{"start":{"line":755,"column":61},"end":{"line":762,"column":3}},"95":{"start":{"line":764,"column":16},"end":{"line":764,"column":55}},"96":{"start":{"line":764,"column":36},"end":{"line":764,"column":47}},"97":{"start":{"line":765,"column":16},"end":{"line":765,"column":30}},"98":{"start":{"line":766,"column":14},"end":{"line":766,"column":82}},"99":{"start":{"line":768,"column":2},"end":{"line":768,"column":41}},"100":{"start":{"line":770,"column":2},"end":{"line":770,"column":85}},"101":{"start":{"line":777,"column":0},"end":{"line":780,"column":3}},"102":{"start":{"line":778,"column":17},"end":{"line":778,"column":39}},"103":{"start":{"line":779,"column":2},"end":{"line":779,"column":23}},"104":{"start":{"line":786,"column":0},"end":{"line":801,"column":3}},"105":{"start":{"line":787,"column":17},"end":{"line":787,"column":35}},"106":{"start":{"line":788,"column":2},"end":{"line":788,"column":60}},"107":{"start":{"line":788,"column":14},"end":{"line":788,"column":60}},"108":{"start":{"line":790,"column":16},"end":{"line":797,"column":5}},"109":{"start":{"line":790,"column":55},"end":{"line":797,"column":3}},"110":{"start":{"line":799,"column":2},"end":{"line":799,"column":31}},"111":{"start":{"line":800,"column":2},"end":{"line":800,"column":45}},"112":{"start":{"line":807,"column":0},"end":{"line":809,"column":3}},"113":{"start":{"line":808,"column":2},"end":{"line":808,"column":59}},"114":{"start":{"line":815,"column":0},"end":{"line":824,"column":3}},"115":{"start":{"line":816,"column":27},"end":{"line":816,"column":36}},"116":{"start":{"line":817,"column":15},"end":{"line":817,"column":48}},"117":{"start":{"line":818,"column":2},"end":{"line":818,"column":96}},"118":{"start":{"line":818,"column":51},"end":{"line":818,"column":96}},"119":{"start":{"line":818,"column":79},"end":{"line":818,"column":94}},"120":{"start":{"line":819,"column":2},"end":{"line":819,"column":111}},"121":{"start":{"line":819,"column":14},"end":{"line":819,"column":111}},"122":{"start":{"line":819,"column":42},"end":{"line":819,"column":109}},"123":{"start":{"line":820,"column":2},"end":{"line":823,"column":5}},"124":{"start":{"line":830,"column":0},"end":{"line":836,"column":3}},"125":{"start":{"line":831,"column":17},"end":{"line":831,"column":40}},"126":{"start":{"line":832,"column":2},"end":{"line":832,"column":105}},"127":{"start":{"line":832,"column":14},"end":{"line":832,"column":105}},"128":{"start":{"line":833,"column":15},"end":{"line":833,"column":63}},"129":{"start":{"line":834,"column":2},"end":{"line":834,"column":31}},"130":{"start":{"line":835,"column":2},"end":{"line":835,"column":85}},"131":{"start":{"line":842,"column":0},"end":{"line":847,"column":3}},"132":{"start":{"line":843,"column":17},"end":{"line":843,"column":39}},"133":{"start":{"line":844,"column":2},"end":{"line":844,"column":105}},"134":{"start":{"line":844,"column":14},"end":{"line":844,"column":105}},"135":{"start":{"line":845,"column":2},"end":{"line":845,"column":35}},"136":{"start":{"line":846,"column":2},"end":{"line":846,"column":90}},"137":{"start":{"line":854,"column":0},"end":{"line":878,"column":3}},"138":{"start":{"line":855,"column":20},"end":{"line":855,"column":104}},"139":{"start":{"line":856,"column":29},"end":{"line":856,"column":37}},"140":{"start":{"line":858,"column":2},"end":{"line":860,"column":3}},"141":{"start":{"line":859,"column":4},"end":{"line":859,"column":85}},"142":{"start":{"line":861,"column":2},"end":{"line":863,"column":3}},"143":{"start":{"line":862,"column":4},"end":{"line":862,"column":68}},"144":{"start":{"line":864,"column":2},"end":{"line":866,"column":3}},"145":{"start":{"line":865,"column":4},"end":{"line":865,"column":82}},"146":{"start":{"line":867,"column":2},"end":{"line":869,"column":3}},"147":{"start":{"line":868,"column":4},"end":{"line":868,"column":106}},"148":{"start":{"line":871,"column":2},"end":{"line":877,"column":3}},"149":{"start":{"line":872,"column":23},"end":{"line":872,"column":92}},"150":{"start":{"line":873,"column":4},"end":{"line":873,"column":55}},"151":{"start":{"line":875,"column":4},"end":{"line":875,"column":53}},"152":{"start":{"line":876,"column":4},"end":{"line":876,"column":90}},"153":{"start":{"line":885,"column":0},"end":{"line":958,"column":3}},"154":{"start":{"line":886,"column":36},"end":{"line":886,"column":44}},"155":{"start":{"line":888,"column":2},"end":{"line":890,"column":3}},"156":{"start":{"line":889,"column":4},"end":{"line":889,"column":88}},"157":{"start":{"line":891,"column":2},"end":{"line":893,"column":3}},"158":{"start":{"line":892,"column":4},"end":{"line":892,"column":71}},"159":{"start":{"line":894,"column":2},"end":{"line":896,"column":3}},"160":{"start":{"line":895,"column":4},"end":{"line":895,"column":85}},"161":{"start":{"line":897,"column":2},"end":{"line":899,"column":3}},"162":{"start":{"line":898,"column":4},"end":{"line":898,"column":72}},"163":{"start":{"line":901,"column":22},"end":{"line":901,"column":48}},"164":{"start":{"line":902,"column":23},"end":{"line":904,"column":3}},"165":{"start":{"line":903,"column":9},"end":{"line":903,"column":97}},"166":{"start":{"line":905,"column":2},"end":{"line":907,"column":3}},"167":{"start":{"line":906,"column":4},"end":{"line":906,"column":105}},"168":{"start":{"line":909,"column":17},"end":{"line":909,"column":43}},"169":{"start":{"line":911,"column":2},"end":{"line":916,"column":3}},"170":{"start":{"line":912,"column":4},"end":{"line":915,"column":7}},"171":{"start":{"line":918,"column":2},"end":{"line":957,"column":3}},"172":{"start":{"line":919,"column":21},"end":{"line":922,"column":5}},"173":{"start":{"line":920,"column":38},"end":{"line":920,"column":81}},"174":{"start":{"line":924,"column":22},"end":{"line":940,"column":5}},"175":{"start":{"line":942,"column":4},"end":{"line":946,"column":5}},"176":{"start":{"line":943,"column":22},"end":{"line":943,"column":62}},"177":{"start":{"line":943,"column":58},"end":{"line":943,"column":60}},"178":{"start":{"line":944,"column":6},"end":{"line":944,"column":64}},"179":{"start":{"line":945,"column":6},"end":{"line":945,"column":102}},"180":{"start":{"line":948,"column":17},"end":{"line":948,"column":39}},"181":{"start":{"line":949,"column":18},"end":{"line":949,"column":66}},"182":{"start":{"line":951,"column":4},"end":{"line":951,"column":100}},"183":{"start":{"line":951,"column":16},"end":{"line":951,"column":100}},"184":{"start":{"line":953,"column":4},"end":{"line":953,"column":24}},"185":{"start":{"line":955,"column":4},"end":{"line":955,"column":38}},"186":{"start":{"line":956,"column":4},"end":{"line":956,"column":62}},"187":{"start":{"line":961,"column":0},"end":{"line":961,"column":56}},"188":{"start":{"line":963,"column":0},"end":{"line":965,"column":3}},"189":{"start":{"line":964,"column":2},"end":{"line":964,"column":61}},"190":{"start":{"line":969,"column":0},"end":{"line":972,"column":3}},"191":{"start":{"line":970,"column":2},"end":{"line":970,"column":41}},"192":{"start":{"line":971,"column":2},"end":{"line":971,"column":59}},"193":{"start":{"line":975,"column":15},"end":{"line":979,"column":2}},"194":{"start":{"line":976,"column":2},"end":{"line":976,"column":60}},"195":{"start":{"line":977,"column":2},"end":{"line":977,"column":86}},"196":{"start":{"line":978,"column":2},"end":{"line":978,"column":69}},"197":{"start":{"line":981,"column":0},"end":{"line":981,"column":48}}},"fnMap":{"0":{"name":"getCached","decl":{"start":{"line":90,"column":9},"end":{"line":90,"column":18}},"loc":{"start":{"line":90,"column":24},"end":{"line":94,"column":1}},"line":90},"1":{"name":"setCache","decl":{"start":{"line":101,"column":9},"end":{"line":101,"column":17}},"loc":{"start":{"line":101,"column":29},"end":{"line":103,"column":1}},"line":101},"2":{"name":"buildSystemPrompt","decl":{"start":{"line":516,"column":9},"end":{"line":516,"column":26}},"loc":{"start":{"line":516,"column":29},"end":{"line":591,"column":1}},"line":516},"3":{"name":"(anonymous_3)","decl":{"start":{"line":518,"column":9},"end":{"line":518,"column":10}},"loc":{"start":{"line":518,"column":14},"end":{"line":518,"column":63}},"line":518},"4":{"name":"(anonymous_4)","decl":{"start":{"line":522,"column":9},"end":{"line":522,"column":10}},"loc":{"start":{"line":522,"column":14},"end":{"line":522,"column":61}},"line":522},"5":{"name":"translateWithGemini","decl":{"start":{"line":601,"column":15},"end":{"line":601,"column":34}},"loc":{"start":{"line":601,"column":59},"end":{"line":623,"column":1}},"line":601},"6":{"name":"saveQuizScore","decl":{"start":{"line":633,"column":15},"end":{"line":633,"column":28}},"loc":{"start":{"line":633,"column":54},"end":{"line":646,"column":1}},"line":633},"7":{"name":"getTopScores","decl":{"start":{"line":654,"column":15},"end":{"line":654,"column":27}},"loc":{"start":{"line":654,"column":40},"end":{"line":666,"column":1}},"line":654},"8":{"name":"(anonymous_8)","decl":{"start":{"line":661,"column":25},"end":{"line":661,"column":26}},"loc":{"start":{"line":661,"column":31},"end":{"line":661,"column":56}},"line":661},"9":{"name":"(anonymous_9)","decl":{"start":{"line":674,"column":23},"end":{"line":674,"column":24}},"loc":{"start":{"line":674,"column":38},"end":{"line":676,"column":1}},"line":674},"10":{"name":"(anonymous_10)","decl":{"start":{"line":683,"column":35},"end":{"line":683,"column":36}},"loc":{"start":{"line":683,"column":50},"end":{"line":701,"column":1}},"line":683},"11":{"name":"(anonymous_11)","decl":{"start":{"line":707,"column":37},"end":{"line":707,"column":38}},"loc":{"start":{"line":707,"column":52},"end":{"line":714,"column":1}},"line":707},"12":{"name":"(anonymous_12)","decl":{"start":{"line":720,"column":34},"end":{"line":720,"column":35}},"loc":{"start":{"line":720,"column":49},"end":{"line":726,"column":1}},"line":720},"13":{"name":"(anonymous_13)","decl":{"start":{"line":732,"column":33},"end":{"line":732,"column":34}},"loc":{"start":{"line":732,"column":48},"end":{"line":735,"column":1}},"line":732},"14":{"name":"(anonymous_14)","decl":{"start":{"line":733,"column":52},"end":{"line":733,"column":53}},"loc":{"start":{"line":733,"column":83},"end":{"line":733,"column":84}},"line":733},"15":{"name":"(anonymous_15)","decl":{"start":{"line":742,"column":41},"end":{"line":742,"column":42}},"loc":{"start":{"line":742,"column":61},"end":{"line":771,"column":1}},"line":742},"16":{"name":"(anonymous_16)","decl":{"start":{"line":751,"column":21},"end":{"line":751,"column":22}},"loc":{"start":{"line":751,"column":26},"end":{"line":751,"column":47}},"line":751},"17":{"name":"(anonymous_17)","decl":{"start":{"line":755,"column":50},"end":{"line":755,"column":51}},"loc":{"start":{"line":755,"column":61},"end":{"line":762,"column":3}},"line":755},"18":{"name":"(anonymous_18)","decl":{"start":{"line":764,"column":31},"end":{"line":764,"column":32}},"loc":{"start":{"line":764,"column":36},"end":{"line":764,"column":47}},"line":764},"19":{"name":"(anonymous_19)","decl":{"start":{"line":777,"column":40},"end":{"line":777,"column":41}},"loc":{"start":{"line":777,"column":61},"end":{"line":780,"column":1}},"line":777},"20":{"name":"(anonymous_20)","decl":{"start":{"line":786,"column":34},"end":{"line":786,"column":35}},"loc":{"start":{"line":786,"column":49},"end":{"line":801,"column":1}},"line":786},"21":{"name":"(anonymous_21)","decl":{"start":{"line":790,"column":49},"end":{"line":790,"column":50}},"loc":{"start":{"line":790,"column":55},"end":{"line":797,"column":3}},"line":790},"22":{"name":"(anonymous_22)","decl":{"start":{"line":807,"column":42},"end":{"line":807,"column":43}},"loc":{"start":{"line":807,"column":57},"end":{"line":809,"column":1}},"line":807},"23":{"name":"(anonymous_23)","decl":{"start":{"line":815,"column":35},"end":{"line":815,"column":36}},"loc":{"start":{"line":815,"column":49},"end":{"line":824,"column":1}},"line":815},"24":{"name":"(anonymous_24)","decl":{"start":{"line":818,"column":74},"end":{"line":818,"column":75}},"loc":{"start":{"line":818,"column":79},"end":{"line":818,"column":94}},"line":818},"25":{"name":"(anonymous_25)","decl":{"start":{"line":819,"column":37},"end":{"line":819,"column":38}},"loc":{"start":{"line":819,"column":42},"end":{"line":819,"column":109}},"line":819},"26":{"name":"(anonymous_26)","decl":{"start":{"line":830,"column":39},"end":{"line":830,"column":40}},"loc":{"start":{"line":830,"column":54},"end":{"line":836,"column":1}},"line":830},"27":{"name":"(anonymous_27)","decl":{"start":{"line":842,"column":38},"end":{"line":842,"column":39}},"loc":{"start":{"line":842,"column":53},"end":{"line":847,"column":1}},"line":842},"28":{"name":"(anonymous_28)","decl":{"start":{"line":854,"column":39},"end":{"line":854,"column":40}},"loc":{"start":{"line":854,"column":59},"end":{"line":878,"column":1}},"line":854},"29":{"name":"(anonymous_29)","decl":{"start":{"line":885,"column":35},"end":{"line":885,"column":36}},"loc":{"start":{"line":885,"column":55},"end":{"line":958,"column":1}},"line":885},"30":{"name":"(anonymous_30)","decl":{"start":{"line":903,"column":4},"end":{"line":903,"column":5}},"loc":{"start":{"line":903,"column":9},"end":{"line":903,"column":97}},"line":903},"31":{"name":"(anonymous_31)","decl":{"start":{"line":920,"column":32},"end":{"line":920,"column":33}},"loc":{"start":{"line":920,"column":38},"end":{"line":920,"column":81}},"line":920},"32":{"name":"(anonymous_32)","decl":{"start":{"line":943,"column":51},"end":{"line":943,"column":52}},"loc":{"start":{"line":943,"column":58},"end":{"line":943,"column":60}},"line":943},"33":{"name":"(anonymous_33)","decl":{"start":{"line":963,"column":13},"end":{"line":963,"column":14}},"loc":{"start":{"line":963,"column":28},"end":{"line":965,"column":1}},"line":963},"34":{"name":"(anonymous_34)","decl":{"start":{"line":969,"column":8},"end":{"line":969,"column":9}},"loc":{"start":{"line":969,"column":35},"end":{"line":972,"column":1}},"line":969},"35":{"name":"(anonymous_35)","decl":{"start":{"line":975,"column":32},"end":{"line":975,"column":33}},"loc":{"start":{"line":975,"column":38},"end":{"line":979,"column":1}},"line":975}},"branchMap":{"0":{"loc":{"start":{"line":31,"column":13},"end":{"line":31,"column":37}},"type":"binary-expr","locations":[{"start":{"line":31,"column":13},"end":{"line":31,"column":29}},{"start":{"line":31,"column":33},"end":{"line":31,"column":37}}],"line":31},"1":{"loc":{"start":{"line":59,"column":23},"end":{"line":59,"column":56}},"type":"binary-expr","locations":[{"start":{"line":59,"column":23},"end":{"line":59,"column":49}},{"start":{"line":59,"column":53},"end":{"line":59,"column":56}}],"line":59},"2":{"loc":{"start":{"line":92,"column":2},"end":{"line":92,"column":68}},"type":"if","locations":[{"start":{"line":92,"column":2},"end":{"line":92,"column":68}},{"start":{},"end":{}}],"line":92},"3":{"loc":{"start":{"line":92,"column":6},"end":{"line":92,"column":48}},"type":"binary-expr","locations":[{"start":{"line":92,"column":6},"end":{"line":92,"column":11}},{"start":{"line":92,"column":15},"end":{"line":92,"column":48}}],"line":92},"4":{"loc":{"start":{"line":602,"column":2},"end":{"line":604,"column":3}},"type":"if","locations":[{"start":{"line":602,"column":2},"end":{"line":604,"column":3}},{"start":{},"end":{}}],"line":602},"5":{"loc":{"start":{"line":620,"column":2},"end":{"line":620,"column":72}},"type":"if","locations":[{"start":{"line":620,"column":2},"end":{"line":620,"column":72}},{"start":{},"end":{}}],"line":620},"6":{"loc":{"start":{"line":622,"column":9},"end":{"line":622,"column":65}},"type":"binary-expr","locations":[{"start":{"line":622,"column":9},"end":{"line":622,"column":57}},{"start":{"line":622,"column":61},"end":{"line":622,"column":65}}],"line":622},"7":{"loc":{"start":{"line":634,"column":2},"end":{"line":634,"column":18}},"type":"if","locations":[{"start":{"line":634,"column":2},"end":{"line":634,"column":18}},{"start":{},"end":{}}],"line":634},"8":{"loc":{"start":{"line":654,"column":28},"end":{"line":654,"column":38}},"type":"default-arg","locations":[{"start":{"line":654,"column":36},"end":{"line":654,"column":38}}],"line":654},"9":{"loc":{"start":{"line":655,"column":2},"end":{"line":655,"column":21}},"type":"if","locations":[{"start":{"line":655,"column":2},"end":{"line":655,"column":21}},{"start":{},"end":{}}],"line":655},"10":{"loc":{"start":{"line":687,"column":14},"end":{"line":687,"column":48}},"type":"binary-expr","locations":[{"start":{"line":687,"column":14},"end":{"line":687,"column":42}},{"start":{"line":687,"column":46},"end":{"line":687,"column":48}}],"line":687},"11":{"loc":{"start":{"line":688,"column":18},"end":{"line":688,"column":56}},"type":"binary-expr","locations":[{"start":{"line":688,"column":18},"end":{"line":688,"column":50}},{"start":{"line":688,"column":54},"end":{"line":688,"column":56}}],"line":688},"12":{"loc":{"start":{"line":689,"column":17},"end":{"line":689,"column":54}},"type":"binary-expr","locations":[{"start":{"line":689,"column":17},"end":{"line":689,"column":48}},{"start":{"line":689,"column":52},"end":{"line":689,"column":54}}],"line":689},"13":{"loc":{"start":{"line":690,"column":21},"end":{"line":690,"column":62}},"type":"binary-expr","locations":[{"start":{"line":690,"column":21},"end":{"line":690,"column":56}},{"start":{"line":690,"column":60},"end":{"line":690,"column":62}}],"line":690},"14":{"loc":{"start":{"line":691,"column":25},"end":{"line":691,"column":71}},"type":"binary-expr","locations":[{"start":{"line":691,"column":25},"end":{"line":691,"column":65}},{"start":{"line":691,"column":69},"end":{"line":691,"column":71}}],"line":691},"15":{"loc":{"start":{"line":692,"column":13},"end":{"line":692,"column":46}},"type":"binary-expr","locations":[{"start":{"line":692,"column":13},"end":{"line":692,"column":40}},{"start":{"line":692,"column":44},"end":{"line":692,"column":46}}],"line":692},"16":{"loc":{"start":{"line":693,"column":21},"end":{"line":693,"column":62}},"type":"binary-expr","locations":[{"start":{"line":693,"column":21},"end":{"line":693,"column":56}},{"start":{"line":693,"column":60},"end":{"line":693,"column":62}}],"line":693},"17":{"loc":{"start":{"line":709,"column":2},"end":{"line":709,"column":104}},"type":"if","locations":[{"start":{"line":709,"column":2},"end":{"line":709,"column":104}},{"start":{},"end":{}}],"line":709},"18":{"loc":{"start":{"line":722,"column":2},"end":{"line":722,"column":60}},"type":"if","locations":[{"start":{"line":722,"column":2},"end":{"line":722,"column":60}},{"start":{},"end":{}}],"line":722},"19":{"loc":{"start":{"line":745,"column":2},"end":{"line":747,"column":3}},"type":"if","locations":[{"start":{"line":745,"column":2},"end":{"line":747,"column":3}},{"start":{},"end":{}}],"line":745},"20":{"loc":{"start":{"line":748,"column":2},"end":{"line":750,"column":3}},"type":"if","locations":[{"start":{"line":748,"column":2},"end":{"line":750,"column":3}},{"start":{},"end":{}}],"line":748},"21":{"loc":{"start":{"line":751,"column":2},"end":{"line":753,"column":3}},"type":"if","locations":[{"start":{"line":751,"column":2},"end":{"line":753,"column":3}},{"start":{},"end":{}}],"line":751},"22":{"loc":{"start":{"line":766,"column":14},"end":{"line":766,"column":82}},"type":"cond-expr","locations":[{"start":{"line":766,"column":46},"end":{"line":766,"column":68}},{"start":{"line":766,"column":71},"end":{"line":766,"column":82}}],"line":766},"23":{"loc":{"start":{"line":788,"column":2},"end":{"line":788,"column":60}},"type":"if","locations":[{"start":{"line":788,"column":2},"end":{"line":788,"column":60}},{"start":{},"end":{}}],"line":788},"24":{"loc":{"start":{"line":818,"column":2},"end":{"line":818,"column":96}},"type":"if","locations":[{"start":{"line":818,"column":2},"end":{"line":818,"column":96}},{"start":{},"end":{}}],"line":818},"25":{"loc":{"start":{"line":818,"column":6},"end":{"line":818,"column":49}},"type":"binary-expr","locations":[{"start":{"line":818,"column":6},"end":{"line":818,"column":10}},{"start":{"line":818,"column":15},"end":{"line":818,"column":31}},{"start":{"line":818,"column":35},"end":{"line":818,"column":48}}],"line":818},"26":{"loc":{"start":{"line":819,"column":2},"end":{"line":819,"column":111}},"type":"if","locations":[{"start":{"line":819,"column":2},"end":{"line":819,"column":111}},{"start":{},"end":{}}],"line":819},"27":{"loc":{"start":{"line":832,"column":2},"end":{"line":832,"column":105}},"type":"if","locations":[{"start":{"line":832,"column":2},"end":{"line":832,"column":105}},{"start":{},"end":{}}],"line":832},"28":{"loc":{"start":{"line":844,"column":2},"end":{"line":844,"column":105}},"type":"if","locations":[{"start":{"line":844,"column":2},"end":{"line":844,"column":105}},{"start":{},"end":{}}],"line":844},"29":{"loc":{"start":{"line":858,"column":2},"end":{"line":860,"column":3}},"type":"if","locations":[{"start":{"line":858,"column":2},"end":{"line":860,"column":3}},{"start":{},"end":{}}],"line":858},"30":{"loc":{"start":{"line":858,"column":6},"end":{"line":858,"column":39}},"type":"binary-expr","locations":[{"start":{"line":858,"column":6},"end":{"line":858,"column":11}},{"start":{"line":858,"column":15},"end":{"line":858,"column":39}}],"line":858},"31":{"loc":{"start":{"line":861,"column":2},"end":{"line":863,"column":3}},"type":"if","locations":[{"start":{"line":861,"column":2},"end":{"line":863,"column":3}},{"start":{},"end":{}}],"line":861},"32":{"loc":{"start":{"line":864,"column":2},"end":{"line":866,"column":3}},"type":"if","locations":[{"start":{"line":864,"column":2},"end":{"line":866,"column":3}},{"start":{},"end":{}}],"line":864},"33":{"loc":{"start":{"line":867,"column":2},"end":{"line":869,"column":3}},"type":"if","locations":[{"start":{"line":867,"column":2},"end":{"line":869,"column":3}},{"start":{},"end":{}}],"line":867},"34":{"loc":{"start":{"line":867,"column":6},"end":{"line":867,"column":62}},"type":"binary-expr","locations":[{"start":{"line":867,"column":6},"end":{"line":867,"column":15}},{"start":{"line":867,"column":19},"end":{"line":867,"column":62}}],"line":867},"35":{"loc":{"start":{"line":886,"column":19},"end":{"line":886,"column":31}},"type":"default-arg","locations":[{"start":{"line":886,"column":29},"end":{"line":886,"column":31}}],"line":886},"36":{"loc":{"start":{"line":888,"column":2},"end":{"line":890,"column":3}},"type":"if","locations":[{"start":{"line":888,"column":2},"end":{"line":890,"column":3}},{"start":{},"end":{}}],"line":888},"37":{"loc":{"start":{"line":888,"column":6},"end":{"line":888,"column":45}},"type":"binary-expr","locations":[{"start":{"line":888,"column":6},"end":{"line":888,"column":14}},{"start":{"line":888,"column":18},"end":{"line":888,"column":45}}],"line":888},"38":{"loc":{"start":{"line":891,"column":2},"end":{"line":893,"column":3}},"type":"if","locations":[{"start":{"line":891,"column":2},"end":{"line":893,"column":3}},{"start":{},"end":{}}],"line":891},"39":{"loc":{"start":{"line":894,"column":2},"end":{"line":896,"column":3}},"type":"if","locations":[{"start":{"line":894,"column":2},"end":{"line":896,"column":3}},{"start":{},"end":{}}],"line":894},"40":{"loc":{"start":{"line":897,"column":2},"end":{"line":899,"column":3}},"type":"if","locations":[{"start":{"line":897,"column":2},"end":{"line":899,"column":3}},{"start":{},"end":{}}],"line":897},"41":{"loc":{"start":{"line":903,"column":9},"end":{"line":903,"column":97}},"type":"binary-expr","locations":[{"start":{"line":903,"column":9},"end":{"line":903,"column":10}},{"start":{"line":903,"column":14},"end":{"line":903,"column":40}},{"start":{"line":903,"column":44},"end":{"line":903,"column":67}},{"start":{"line":903,"column":71},"end":{"line":903,"column":97}}],"line":903},"42":{"loc":{"start":{"line":905,"column":2},"end":{"line":907,"column":3}},"type":"if","locations":[{"start":{"line":905,"column":2},"end":{"line":907,"column":3}},{"start":{},"end":{}}],"line":905},"43":{"loc":{"start":{"line":911,"column":2},"end":{"line":916,"column":3}},"type":"if","locations":[{"start":{"line":911,"column":2},"end":{"line":916,"column":3}},{"start":{},"end":{}}],"line":911},"44":{"loc":{"start":{"line":942,"column":4},"end":{"line":946,"column":5}},"type":"if","locations":[{"start":{"line":942,"column":4},"end":{"line":946,"column":5}},{"start":{},"end":{}}],"line":942},"45":{"loc":{"start":{"line":951,"column":4},"end":{"line":951,"column":100}},"type":"if","locations":[{"start":{"line":951,"column":4},"end":{"line":951,"column":100}},{"start":{},"end":{}}],"line":951},"46":{"loc":{"start":{"line":977,"column":25},"end":{"line":977,"column":82}},"type":"cond-expr","locations":[{"start":{"line":977,"column":54},"end":{"line":977,"column":68}},{"start":{"line":977,"column":71},"end":{"line":977,"column":82}}],"line":977},"47":{"loc":{"start":{"line":978,"column":28},"end":{"line":978,"column":65}},"type":"cond-expr","locations":[{"start":{"line":978,"column":33},"end":{"line":978,"column":46}},{"start":{"line":978,"column":49},"end":{"line":978,"column":65}}],"line":978}},"s":{"0":1,"1":1,"2":1,"3":1,"4":1,"5":1,"6":1,"7":1,"8":1,"9":1,"10":1,"11":1,"12":1,"13":0,"14":1,"15":1,"16":1,"17":1,"18":1,"19":1,"20":1,"21":1,"22":1,"23":1,"24":0,"25":0,"26":0,"27":0,"28":0,"29":1,"30":1,"31":1,"32":1,"33":1,"34":1,"35":0,"36":0,"37":0,"38":0,"39":0,"40":0,"41":0,"42":0,"43":0,"44":0,"45":0,"46":0,"47":0,"48":0,"49":0,"50":0,"51":0,"52":0,"53":0,"54":0,"55":0,"56":0,"57":0,"58":0,"59":0,"60":0,"61":1,"62":0,"63":1,"64":0,"65":0,"66":1,"67":0,"68":0,"69":0,"70":0,"71":0,"72":0,"73":1,"74":0,"75":0,"76":0,"77":0,"78":0,"79":0,"80":1,"81":0,"82":0,"83":0,"84":1,"85":0,"86":0,"87":0,"88":0,"89":0,"90":0,"91":0,"92":0,"93":0,"94":0,"95":0,"96":0,"97":0,"98":0,"99":0,"100":0,"101":1,"102":0,"103":0,"104":1,"105":0,"106":0,"107":0,"108":0,"109":0,"110":0,"111":0,"112":1,"113":0,"114":1,"115":0,"116":0,"117":0,"118":0,"119":0,"120":0,"121":0,"122":0,"123":0,"124":1,"125":0,"126":0,"127":0,"128":0,"129":0,"130":0,"131":1,"132":0,"133":0,"134":0,"135":0,"136":0,"137":1,"138":0,"139":0,"140":0,"141":0,"142":0,"143":0,"144":0,"145":0,"146":0,"147":0,"148":0,"149":0,"150":0,"151":0,"152":0,"153":1,"154":0,"155":0,"156":0,"157":0,"158":0,"159":0,"160":0,"161":0,"162":0,"163":0,"164":0,"165":0,"166":0,"167":0,"168":0,"169":0,"170":0,"171":0,"172":0,"173":0,"174":0,"175":0,"176":0,"177":0,"178":0,"179":0,"180":0,"181":0,"182":0,"183":0,"184":0,"185":0,"186":0,"187":1,"188":1,"189":0,"190":1,"191":0,"192":0,"193":1,"194":0,"195":0,"196":0,"197":1},"f":{"0":0,"1":0,"2":0,"3":0,"4":0,"5":0,"6":0,"7":0,"8":0,"9":0,"10":0,"11":0,"12":0,"13":0,"14":0,"15":0,"16":0,"17":0,"18":0,"19":0,"20":0,"21":0,"22":0,"23":0,"24":0,"25":0,"26":0,"27":0,"28":0,"29":0,"30":0,"31":0,"32":0,"33":0,"34":0,"35":0},"b":{"0":[1,1],"1":[1,1],"2":[0,0],"3":[0,0],"4":[0,0],"5":[0,0],"6":[0,0],"7":[0,0],"8":[0],"9":[0,0],"10":[0,0],"11":[0,0],"12":[0,0],"13":[0,0],"14":[0,0],"15":[0,0],"16":[0,0],"17":[0,0],"18":[0,0],"19":[0,0],"20":[0,0],"21":[0,0],"22":[0,0],"23":[0,0],"24":[0,0],"25":[0,0,0],"26":[0,0],"27":[0,0],"28":[0,0],"29":[0,0],"30":[0,0],"31":[0,0],"32":[0,0],"33":[0,0],"34":[0,0],"35":[0],"36":[0,0],"37":[0,0],"38":[0,0],"39":[0,0],"40":[0,0],"41":[0,0,0,0],"42":[0,0],"43":[0,0],"44":[0,0],"45":[0,0],"46":[0,0],"47":[0,0]},"_coverageSchema":"1a1c01bbd47fc00a2c39e90264f33305004495a9","hash":"ffe7f2e4d5d83194fc05771bb84b23f275412eb0"}
}
