TN:
SF:server.js
FN:90,getCached
FN:101,setCache
FN:516,buildSystemPrompt
FN:518,(anonymous_3)
FN:522,(anonymous_4)
FN:601,translateWithGemini
FN:633,saveQuizScore
FN:654,getTopScores
FN:661,(anonymous_8)
FN:674,(anonymous_9)
FN:683,(anonymous_10)
FN:707,(anonymous_11)
FN:720,(anonymous_12)
FN:732,(anonymous_13)
FN:733,(anonymous_14)
FN:742,(anonymous_15)
FN:751,(anonymous_16)
FN:755,(anonymous_17)
FN:764,(anonymous_18)
FN:777,(anonymous_19)
FN:786,(anonymous_20)
FN:790,(anonymous_21)
FN:807,(anonymous_22)
FN:815,(anonymous_23)
FN:818,(anonymous_24)
FN:819,(anonymous_25)
FN:830,(anonymous_26)
FN:842,(anonymous_27)
FN:854,(anonymous_28)
FN:885,(anonymous_29)
FN:903,(anonymous_30)
FN:920,(anonymous_31)
FN:943,(anonymous_32)
FN:963,(anonymous_33)
FN:969,(anonymous_34)
FN:975,(anonymous_35)
FNF:36
FNH:0
FNDA:0,getCached
FNDA:0,setCache
FNDA:0,buildSystemPrompt
FNDA:0,(anonymous_3)
FNDA:0,(anonymous_4)
FNDA:0,translateWithGemini
FNDA:0,saveQuizScore
FNDA:0,getTopScores
FNDA:0,(anonymous_8)
FNDA:0,(anonymous_9)
FNDA:0,(anonymous_10)
FNDA:0,(anonymous_11)
FNDA:0,(anonymous_12)
FNDA:0,(anonymous_13)
FNDA:0,(anonymous_14)
FNDA:0,(anonymous_15)
FNDA:0,(anonymous_16)
FNDA:0,(anonymous_17)
FNDA:0,(anonymous_18)
FNDA:0,(anonymous_19)
FNDA:0,(anonymous_20)
FNDA:0,(anonymous_21)
FNDA:0,(anonymous_22)
FNDA:0,(anonymous_23)
FNDA:0,(anonymous_24)
FNDA:0,(anonymous_25)
FNDA:0,(anonymous_26)
FNDA:0,(anonymous_27)
FNDA:0,(anonymous_28)
FNDA:0,(anonymous_29)
FNDA:0,(anonymous_30)
FNDA:0,(anonymous_31)
FNDA:0,(anonymous_32)
FNDA:0,(anonymous_33)
FNDA:0,(anonymous_34)
FNDA:0,(anonymous_35)
DA:11,1
DA:12,1
DA:13,1
DA:14,1
DA:15,1
DA:16,1
DA:17,1
DA:18,1
DA:21,1
DA:22,1
DA:23,1
DA:24,1
DA:25,1
DA:27,0
DA:30,1
DA:31,1
DA:35,1
DA:37,1
DA:59,1
DA:60,1
DA:65,1
DA:72,1
DA:80,1
DA:83,1
DA:91,0
DA:92,0
DA:93,0
DA:102,0
DA:125,1
DA:366,1
DA:398,1
DA:410,1
DA:439,1
DA:474,1
DA:517,0
DA:518,0
DA:521,0
DA:522,0
DA:525,0
DA:602,0
DA:603,0
DA:606,0
DA:608,0
DA:620,0
DA:621,0
DA:622,0
DA:634,0
DA:635,0
DA:636,0
DA:644,0
DA:655,0
DA:656,0
DA:657,0
DA:661,0
DA:663,0
DA:664,0
DA:674,1
DA:675,0
DA:683,1
DA:684,0
DA:685,0
DA:707,1
DA:708,0
DA:709,0
DA:711,0
DA:712,0
DA:713,0
DA:720,1
DA:721,0
DA:722,0
DA:723,0
DA:724,0
DA:725,0
DA:732,1
DA:733,0
DA:734,0
DA:742,1
DA:743,0
DA:745,0
DA:746,0
DA:748,0
DA:749,0
DA:751,0
DA:752,0
DA:755,0
DA:764,0
DA:765,0
DA:766,0
DA:768,0
DA:770,0
DA:777,1
DA:778,0
DA:779,0
DA:786,1
DA:787,0
DA:788,0
DA:790,0
DA:799,0
DA:800,0
DA:807,1
DA:808,0
DA:815,1
DA:816,0
DA:817,0
DA:818,0
DA:819,0
DA:820,0
DA:830,1
DA:831,0
DA:832,0
DA:833,0
DA:834,0
DA:835,0
DA:842,1
DA:843,0
DA:844,0
DA:845,0
DA:846,0
DA:854,1
DA:855,0
DA:856,0
DA:858,0
DA:859,0
DA:861,0
DA:862,0
DA:864,0
DA:865,0
DA:867,0
DA:868,0
DA:871,0
DA:872,0
DA:873,0
DA:875,0
DA:876,0
DA:885,1
DA:886,0
DA:888,0
DA:889,0
DA:891,0
DA:892,0
DA:894,0
DA:895,0
DA:897,0
DA:898,0
DA:901,0
DA:902,0
DA:903,0
DA:905,0
DA:906,0
DA:909,0
DA:911,0
DA:912,0
DA:918,0
DA:919,0
DA:920,0
DA:924,0
DA:942,0
DA:943,0
DA:944,0
DA:945,0
DA:948,0
DA:949,0
DA:951,0
DA:953,0
DA:955,0
DA:956,0
DA:961,1
DA:963,1
DA:964,0
DA:969,1
DA:970,0
DA:971,0
DA:975,1
DA:976,0
DA:977,0
DA:978,0
DA:981,1
LF:177
LH:48
BRDA:31,0,0,1
BRDA:31,0,1,1
BRDA:59,1,0,1
BRDA:59,1,1,1
BRDA:92,2,0,0
BRDA:92,2,1,0
BRDA:92,3,0,0
BRDA:92,3,1,0
BRDA:602,4,0,0
BRDA:602,4,1,0
BRDA:620,5,0,0
BRDA:620,5,1,0
BRDA:622,6,0,0
BRDA:622,6,1,0
BRDA:634,7,0,0
BRDA:634,7,1,0
BRDA:654,8,0,0
BRDA:655,9,0,0
BRDA:655,9,1,0
BRDA:687,10,0,0
BRDA:687,10,1,0
BRDA:688,11,0,0
BRDA:688,11,1,0
BRDA:689,12,0,0
BRDA:689,12,1,0
BRDA:690,13,0,0
BRDA:690,13,1,0
BRDA:691,14,0,0
BRDA:691,14,1,0
BRDA:692,15,0,0
BRDA:692,15,1,0
BRDA:693,16,0,0
BRDA:693,16,1,0
BRDA:709,17,0,0
BRDA:709,17,1,0
BRDA:722,18,0,0
BRDA:722,18,1,0
BRDA:745,19,0,0
BRDA:745,19,1,0
BRDA:748,20,0,0
BRDA:748,20,1,0
BRDA:751,21,0,0
BRDA:751,21,1,0
BRDA:766,22,0,0
BRDA:766,22,1,0
BRDA:788,23,0,0
BRDA:788,23,1,0
BRDA:818,24,0,0
BRDA:818,24,1,0
BRDA:818,25,0,0
BRDA:818,25,1,0
BRDA:818,25,2,0
BRDA:819,26,0,0
BRDA:819,26,1,0
BRDA:832,27,0,0
BRDA:832,27,1,0
BRDA:844,28,0,0
BRDA:844,28,1,0
BRDA:858,29,0,0
BRDA:858,29,1,0
BRDA:858,30,0,0
BRDA:858,30,1,0
BRDA:861,31,0,0
BRDA:861,31,1,0
BRDA:864,32,0,0
BRDA:864,32,1,0
BRDA:867,33,0,0
BRDA:867,33,1,0
BRDA:867,34,0,0
BRDA:867,34,1,0
BRDA:886,35,0,0
BRDA:888,36,0,0
BRDA:888,36,1,0
BRDA:888,37,0,0
BRDA:888,37,1,0
BRDA:891,38,0,0
BRDA:891,38,1,0
BRDA:894,39,0,0
BRDA:894,39,1,0
BRDA:897,40,0,0
BRDA:897,40,1,0
BRDA:903,41,0,0
BRDA:903,41,1,0
BRDA:903,41,2,0
BRDA:903,41,3,0
BRDA:905,42,0,0
BRDA:905,42,1,0
BRDA:911,43,0,0
BRDA:911,43,1,0
BRDA:942,44,0,0
BRDA:942,44,1,0
BRDA:951,45,0,0
BRDA:951,45,1,0
BRDA:977,46,0,0
BRDA:977,46,1,0
BRDA:978,47,0,0
BRDA:978,47,1,0
BRF:97
BRH:4
end_of_record
